TN:
SF:src/kvStore.ts
FN:8,KVStore
FN:15,loadFromFile
FN:32,persistToFile
FN:37,create
FN:48,read
FN:62,delete
FN:67,batchCreate
FNF:7
FNH:7
FNDA:4,KVStore
FNDA:4,loadFromFile
FNDA:7,persistToFile
FNDA:5,create
FNDA:5,read
FNDA:1,delete
FNDA:1,batchCreate
DA:1,1
DA:2,1
DA:3,1
DA:4,1
DA:5,1
DA:6,1
DA:7,1
DA:8,1
DA:9,4
DA:10,4
DA:11,0
DA:12,4
DA:13,4
DA:14,1
DA:15,1
DA:16,4
DA:17,4
DA:18,0
DA:19,0
DA:20,0
DA:21,0
DA:22,0
DA:23,0
DA:24,0
DA:25,4
DA:26,4
DA:27,0
DA:28,0
DA:29,0
DA:30,4
DA:31,1
DA:32,1
DA:33,7
DA:34,7
DA:35,7
DA:36,1
DA:37,1
DA:38,5
DA:39,5
DA:40,5
DA:41,5
DA:42,5
DA:43,5
DA:44,5
DA:45,5
DA:46,5
DA:47,1
DA:48,1
DA:49,5
DA:50,5
DA:51,4
DA:52,4
DA:53,5
DA:54,1
DA:55,1
DA:56,1
DA:57,1
DA:58,3
DA:59,3
DA:60,3
DA:61,1
DA:62,1
DA:63,1
DA:64,1
DA:65,1
DA:66,1
DA:67,1
DA:68,1
DA:69,1
DA:70,1
DA:71,1
DA:72,2
DA:73,2
DA:74,1
DA:75,1
LF:75
LH:64
BRDA:8,0,0,4
BRDA:9,1,0,0
BRDA:15,2,0,4
BRDA:18,3,0,0
BRDA:26,4,0,0
BRDA:32,5,0,7
BRDA:37,6,0,5
BRDA:38,7,0,0
BRDA:39,8,0,0
BRDA:41,9,0,0
BRDA:43,10,0,2
BRDA:43,11,0,3
BRDA:48,12,0,5
BRDA:50,13,0,1
BRDA:51,14,0,4
BRDA:53,15,0,2
BRDA:53,16,0,1
BRDA:58,17,0,3
BRDA:62,18,0,1
BRDA:63,19,0,0
BRDA:67,20,0,1
BRDA:69,21,0,0
BRDA:71,22,0,2
BRF:23
BRH:15
end_of_record
